<?xml version="1.0" encoding="UTF-8"?>
<robot generator="Robot 3.1.2 (Python 3.7.3 on win32)" generated="20191124 02:04:33.586" rpa="false">
<suite id="s1" name="Smartroomtest" source="D:\mapuasmartroom\smartroomtest.robot">
<test id="s1-t1" name="Test">
<kw name="Log To Console" library="BuiltIn">
<doc>Logs the given message to the console.</doc>
<arguments>
<arg>${luna.text}</arg>
</arguments>
<status status="PASS" starttime="20191124 02:04:34.183" endtime="20191124 02:04:34.197"></status>
</kw>
<status status="PASS" starttime="20191124 02:04:34.183" endtime="20191124 02:04:34.198" critical="yes"></status>
</test>
<status status="PASS" starttime="20191124 02:04:33.588" endtime="20191124 02:04:34.200"></status>
</suite>
<statistics>
<total>
<stat pass="1" fail="0">Critical Tests</stat>
<stat pass="1" fail="0">All Tests</stat>
</total>
<tag>
</tag>
<suite>
<stat pass="1" fail="0" id="s1" name="Smartroomtest">Smartroomtest</stat>
</suite>
</statistics>
<errors>
</errors>
</robot>
